<?xml version="1.0" encoding="UTF-8"?>
<!-- Generated by org.testng.reporters.JUnitReportReporter -->
<testsuite skipped="0" hostname="DESKTOP-RJPSO8H" name="test.TC_03" tests="1" failures="0" timestamp="26 Jun 2019 07:51:46 GMT" time="69.709" errors="0">
  <testcase name="TC_03" time="69.709" classname="test.TC_03"/>
</testsuite> <!-- test.TC_03 -->
