<?xml version="1.0" encoding="UTF-8"?>
<!-- Generated by org.testng.reporters.JUnitReportReporter -->
<testsuite skipped="0" hostname="DESKTOP-RJPSO8H" name="test.TC_02" tests="1" failures="0" timestamp="25 Jun 2019 00:48:56 GMT" time="41.312" errors="0">
  <testcase name="TC_02" time="41.312" classname="test.TC_02"/>
</testsuite> <!-- test.TC_02 -->
