<?xml version="1.0" encoding="UTF-8"?>
<!-- Generated by org.testng.reporters.JUnitReportReporter -->
<testsuite skipped="0" hostname="DESKTOP-RJPSO8H" name="control.Login" tests="1" failures="0" timestamp="28 May 2019 09:21:28 GMT" time="1.131" errors="0">
  <testcase name="loginEC" time="1.131" classname="control.Login"/>
</testsuite> <!-- control.Login -->
