<?xml version="1.0" encoding="UTF-8"?>
<!-- Generated by org.testng.reporters.JUnitReportReporter -->
<testsuite skipped="0" hostname="DESKTOP-RJPSO8H" name="control.TC_03" tests="1" failures="0" timestamp="26 Jun 2019 12:45:07 GMT" time="3.004" errors="0">
  <testcase name="changePassword" time="3.004" classname="control.TC_03"/>
</testsuite> <!-- control.TC_03 -->
