<?xml version="1.0" encoding="UTF-8"?>
<!-- Generated by org.testng.reporters.JUnitReportReporter -->
<testsuite skipped="0" hostname="DESKTOP-RJPSO8H" name="control.SearchCourse" tests="4" failures="0" timestamp="29 May 2019 08:53:38 GMT" time="70.298" errors="0">
  <testcase name="getURLCTU" time="19.503" classname="control.SearchCourse"/>
  <testcase name="numberCourse" time="13.501" classname="control.SearchCourse"/>
  <testcase name="getURLCIT" time="25.311" classname="control.SearchCourse"/>
  <testcase name="searchCourse" time="11.983" classname="control.SearchCourse"/>
</testsuite> <!-- control.SearchCourse -->
