<?xml version="1.0" encoding="UTF-8"?>
<!-- Generated by org.testng.reporters.JUnitReportReporter -->
<testsuite skipped="0" hostname="DESKTOP-RJPSO8H" name="control.TC_02" tests="1" failures="0" timestamp="26 Jun 2019 12:45:07 GMT" time="0.568" errors="0">
  <testcase name="reset" time="0.568" classname="control.TC_02"/>
</testsuite> <!-- control.TC_02 -->
